<?xml version="1.0" encoding="UTF-8"?>
<testsuite xmlns:xsi="http://www.w3.org/2001/XMLSchema-instance" xsi:noNamespaceSchemaLocation="https://maven.apache.org/surefire/maven-surefire-plugin/xsd/surefire-test-report.xsd" name="runner.TestRunner" time="7.708" tests="17" errors="0" skipped="0" failures="0">
  <properties>
[...]
</properties>
  <testcase name="Get list of available devices name and IP" classname="Get list all available devices: GET `/devices`" time="2.963"/>
  <testcase name="It should not return valid response for invalid Url" classname="Get list all available devices: GET `/devices`" time="0.032"/>
  <testcase name="Json schema validation for device API" classname="Schema validation for device API response" time="0.747"/>
  <testcase name="connect to device for given ip" classname="Connect to a device: POST `/connect`" time="1.722"/>
  <testcase name="Disconnect to device for given ip" classname="Disconnect from any connected device: POST `/disconnect`" time="0.064"/>
  <testcase name="Get State of connected device" classname="Get the state of a device: GET `/state`" time="0.12"/>
  <testcase name="User should not be abl to get state of disconnected device" classname="Get the state of a device: GET `/state`" time="0.072"/>
  <testcase name="Json schema validation for state API" classname="Schema validation for state API" time="0.056"/>
  <testcase name="Change the brightness of connected device" classname="Change the name, brightness and color of the connected device" time="0.128"/>
  <testcase name="Change the name of connected device" classname="Change the name, brightness and color of the connected device" time="0.12"/>
  <testcase name="Change the color of connected device" classname="Change the name, brightness and color of the connected device" time="0.136"/>
  <testcase name="Not able to change brightness of device with invaild value #1" classname="User should not able to change the name, brightness and color with invalid values" time="0.112"/>
  <testcase name="Not able to change brightness of device with invaild value #2" classname="User should not able to change the name, brightness and color with invalid values" time="0.072"/>
  <testcase name="Not able to change color of device with invaild values" classname="User should not able to change the name, brightness and color with invalid values" time="0.089"/>
  <testcase name="Change the brightness of non connected device" classname="User should not be able to change the name, brightness and color of the not connected device" time="0.057"/>
  <testcase name="Change the name of non connected device" classname="User should not be able to change the name, brightness and color of the not connected device" time="0.109"/>
  <testcase name="Change the color of non connected device" classname="User should not be able to change the name, brightness and color of the not connected device" time="0.047"/>
</testsuite>